\BOOKMARK [0][-]{chapter*.2}{\376\377\000I\000n\000t\000r\000o\000d\000u\000c\000t\000i\000o\000n}{}% 1
\BOOKMARK [0][-]{chapter.1}{\376\377\000L\000i\000n\000e\000a\000r\000\040\000F\000o\000r\000m\000s}{}% 2
\BOOKMARK [0][-]{chapter.2}{\376\377\000C\000i\000r\000c\000l\000e\000s}{}% 3
\BOOKMARK [1][-]{section.2.1}{\376\377\0002\0000\0002\0002}{chapter.2}% 4
\BOOKMARK [2][-]{subsection.2.1.1}{\376\377\0001\0000}{section.2.1}% 5
\BOOKMARK [0][-]{chapter.3}{\376\377\000I\000n\000t\000e\000r\000s\000e\000c\000t\000i\000o\000n\000\040\000o\000f\000\040\000C\000o\000n\000i\000c\000s}{}% 6
\BOOKMARK [0][-]{chapter.4}{\376\377\000P\000r\000o\000b\000a\000b\000i\000l\000i\000t\000y}{}% 7
\BOOKMARK [1][-]{section.4.1}{\376\377\0002\0000\0002\0002}{chapter.4}% 8
\BOOKMARK [2][-]{subsection.4.1.1}{\376\377\0001\0000}{section.4.1}% 9
\BOOKMARK [0][-]{chapter.5}{\376\377\000C\000o\000n\000s\000t\000r\000u\000c\000t\000i\000o\000n}{}% 10
\BOOKMARK [0][-]{chapter.6}{\376\377\000O\000p\000t\000i\000m\000i\000z\000a\000t\000i\000o\000n}{}% 11
\BOOKMARK [0][-]{chapter.7}{\376\377\000A\000l\000g\000e\000b\000r\000a}{}% 12
\BOOKMARK [0][-]{chapter.8}{\376\377\000G\000e\000o\000m\000e\000t\000r\000y}{}% 13
\BOOKMARK [1][-]{section.8.1}{\376\377\0002\0000\0002\0002}{chapter.8}% 14
\BOOKMARK [2][-]{subsection.8.1.1}{\376\377\0001\0000}{section.8.1}% 15
\BOOKMARK [0][-]{chapter.9}{\376\377\000C\000o\000o\000r\000d\000i\000n\000a\000t\000e\000\040\000G\000e\000o\000m\000e\000t\000r\000y}{}% 16
\BOOKMARK [1][-]{section.9.1}{\376\377\0002\0000\0002\0002}{chapter.9}% 17
\BOOKMARK [2][-]{subsection.9.1.1}{\376\377\0001\0000}{section.9.1}% 18
\BOOKMARK [0][-]{chapter.10}{\376\377\0003\000D\000-\000G\000e\000o\000m\000e\000t\000r\000y}{}% 19
\BOOKMARK [1][-]{section.10.1}{\376\377\0002\0000\0002\0002}{chapter.10}% 20
\BOOKMARK [2][-]{subsection.10.1.1}{\376\377\0001\0000}{section.10.1}% 21
\BOOKMARK [0][-]{chapter.11}{\376\377\000D\000i\000s\000c\000r\000e\000t\000e}{}% 22
\BOOKMARK [0][-]{chapter.12}{\376\377\000N\000u\000m\000b\000e\000r\000\040\000S\000y\000s\000t\000e\000m\000s}{}% 23
\BOOKMARK [0][-]{chapter.13}{\376\377\000D\000i\000f\000f\000e\000r\000e\000n\000t\000i\000a\000t\000i\000o\000n}{}% 24
\BOOKMARK [0][-]{chapter.14}{\376\377\000I\000n\000t\000e\000g\000r\000a\000t\000i\000o\000n}{}% 25
\BOOKMARK [0][-]{chapter.15}{\376\377\000F\000u\000n\000c\000t\000i\000o\000n\000s}{}% 26
\BOOKMARK [0][-]{chapter.16}{\376\377\000M\000a\000t\000r\000i\000c\000e\000s}{}% 27
\BOOKMARK [0][-]{chapter.17}{\376\377\000D\000a\000t\000a\000-\000H\000a\000n\000d\000l\000i\000n\000g}{}% 28
\BOOKMARK [1][-]{section.17.1}{\376\377\0002\0000\0002\0002}{chapter.17}% 29
\BOOKMARK [2][-]{subsection.17.1.1}{\376\377\0001\0000}{section.17.1}% 30
\BOOKMARK [0][-]{chapter.18}{\376\377\000T\000r\000i\000g\000n\000o\000m\000e\000t\000r\000y}{}% 31
\BOOKMARK [1][-]{section.18.1}{\376\377\0002\0000\0002\0002}{chapter.18}% 32
\BOOKMARK [2][-]{subsection.18.1.1}{\376\377\0001\0000}{section.18.1}% 33
